<?xml version="1.0" encoding="UTF-8"?>
<!-- Generated by org.testng.reporters.JUnitReportReporter -->
<testsuite hostname="A5364L" failures="0" tests="9" name="lightstorm.polarin.testCases.SubscriptionsAndInvoicesTestCase" time="14.364" errors="0" timestamp="2023-06-27T12:27:56 IST" skipped="0">
  <testcase classname="lightstorm.polarin.testCases.SubscriptionsAndInvoicesTestCase" name="verify_user_can_search_subscription_using_different_search_criteria" time="0.368"/>
  <system-out/>
  <testcase classname="lightstorm.polarin.testCases.SubscriptionsAndInvoicesTestCase" name="verify_user_can_search_subscription_using_search_TextBox_criteria" time="1.958"/>
  <system-out/>
  <testcase classname="lightstorm.polarin.testCases.SubscriptionsAndInvoicesTestCase" name="verify_user_can_search_subscription_using_search_Alphabet_Order_Or_Old_and_new_Order_criteria" time="1.595"/>
  <system-out/>
  <testcase classname="lightstorm.polarin.testCases.SubscriptionsAndInvoicesTestCase" name="verify_user_can_search_subscription_using_product_Type_criteria" time="1.448"/>
  <system-out/>
  <testcase classname="lightstorm.polarin.testCases.SubscriptionsAndInvoicesTestCase" name="verify_user_can_search_subscription_using_Billing_Profile_criteria" time="0.002"/>
  <system-out/>
  <testcase classname="lightstorm.polarin.testCases.SubscriptionsAndInvoicesTestCase" name="verify_user_can_search_subscription_using_Tearm_criteria" time="3.128"/>
  <system-out/>
  <testcase classname="lightstorm.polarin.testCases.SubscriptionsAndInvoicesTestCase" name="verify_user_can_search_Invoice_using_search_TextBox_criteria" time="2.421"/>
  <system-out/>
  <testcase classname="lightstorm.polarin.testCases.SubscriptionsAndInvoicesTestCase" name="verify_user_can_Search_Invoice_using_Status_criteria" time="1.929"/>
  <system-out/>
  <testcase classname="lightstorm.polarin.testCases.SubscriptionsAndInvoicesTestCase" name="verify_user_can_search_Invoice_using_search_Alphabet_Order_Or_Old_and_new_Order_criteria" time="1.515"/>
  <system-out/>
</testsuite> <!-- lightstorm.polarin.testCases.SubscriptionsAndInvoicesTestCase -->
