<?xml version="1.0" encoding="UTF-8"?>
<!-- Generated by org.testng.reporters.JUnitReportReporter -->
<testsuite hostname="A5364L" failures="0" tests="1" name="lightstorm.polarin.testCases.CreateVirtualConnectionToInternetExchangeConnction" time="4.483" errors="0" timestamp="2023-07-12T17:38:56 IST" skipped="0">
  <testcase classname="lightstorm.polarin.testCases.CreateVirtualConnectionToInternetExchangeConnction" name="methoad" time="4.483"/>
  <system-out/>
</testsuite> <!-- lightstorm.polarin.testCases.CreateVirtualConnectionToInternetExchangeConnction -->
