<?xml version="1.0" encoding="UTF-8"?>
<!-- Generated by org.testng.reporters.JUnitReportReporter -->
<testsuite hostname="A5364L" failures="0" tests="3" name="lightstorm.polarin.testCases.UserProfileTestCase" time="14.620" errors="0" timestamp="2023-07-11T16:08:28 IST" skipped="0">
  <testcase classname="lightstorm.polarin.testCases.UserProfileTestCase" name="verify_that_profile_picture_is_uploaded_successfully" time="7.466"/>
  <system-out/>
  <testcase classname="lightstorm.polarin.testCases.UserProfileTestCase" name="verify_that_name_and_phone_number_are_updated_in_profile_page" time="3.779"/>
  <system-out/>
  <testcase classname="lightstorm.polarin.testCases.UserProfileTestCase" name="verify_that_password_is_updated_in_Security_section_of_user_profile_page" time="3.375"/>
  <system-out/>
</testsuite> <!-- lightstorm.polarin.testCases.UserProfileTestCase -->
