<?xml version="1.0" encoding="UTF-8"?>
<!-- Generated by org.testng.reporters.JUnitReportReporter -->
<testsuite hostname="A5364L" failures="0" tests="4" name="lightstorm.polarin.testCases.ServicesViewDraftTestCase" time="37.045" errors="0" timestamp="2023-06-29T12:19:06 IST" skipped="0">
  <testcase classname="lightstorm.polarin.testCases.ServicesViewDraftTestCase" name="verify_that_user_should_be_able_to_see_all_Port_which_is_created_by_user_and_able_to_search_perticular_port_View_Draft" time="14.168"/>
  <system-out/>
  <testcase classname="lightstorm.polarin.testCases.ServicesViewDraftTestCase" name="verify_that_user_should_be_able_to_see_all_Virtual_Router_which_is_created_by_user_and_able_to_search_perticular_Virtual_Router_On_View_Draft" time="11.323"/>
  <system-out/>
  <testcase classname="lightstorm.polarin.testCases.ServicesViewDraftTestCase" name="verify_that_user_should_be_able_to_see_all_Virtual_Connection_which_is_created_by_user_and_able_to_search_perticular" time="11.484"/>
  <system-out/>
  <testcase classname="lightstorm.polarin.testCases.ServicesViewDraftTestCase" name="verify_that_user_can_able_to_go_back_to_service_page" time="0.070"/>
  <system-out/>
</testsuite> <!-- lightstorm.polarin.testCases.ServicesViewDraftTestCase -->
