<?xml version="1.0" encoding="UTF-8"?>
<!-- Generated by org.testng.reporters.JUnitReportReporter -->
<testsuite hostname="A5364L" failures="0" tests="1" name="lightstorm.polarin.testCases.DashBoardPageTest" time="19.657" errors="0" timestamp="2023-05-18T17:59:38 IST" skipped="0">
  <testcase classname="lightstorm.polarin.testCases.DashBoardPageTest" name="verifyHomePageTitle" time="19.657"/>
  <system-out/>
</testsuite> <!-- lightstorm.polarin.testCases.DashBoardPageTest -->
