<?xml version="1.0" encoding="UTF-8"?>
<!-- Generated by org.testng.reporters.JUnitReportReporter -->
<testsuite hostname="DESKTOP-320GMBB" failures="0" tests="3" name="lightstorm.polarin.testCases.PolarinLoginTest" time="5.577" errors="0" timestamp="2023-07-19T12:00:15 IST" skipped="0">
  <testcase classname="lightstorm.polarin.testCases.PolarinLoginTest" name="verify_Blank_login_Details" time="0.931"/>
  <system-out/>
  <testcase classname="lightstorm.polarin.testCases.PolarinLoginTest" name="verify_Invalid_Login_Details" time="3.789"/>
  <system-out/>
  <testcase classname="lightstorm.polarin.testCases.PolarinLoginTest" name="verify_valid_Login_details" time="0.857"/>
  <system-out/>
</testsuite> <!-- lightstorm.polarin.testCases.PolarinLoginTest -->
