<?xml version="1.0" encoding="UTF-8"?>
<!-- Generated by org.testng.reporters.JUnitReportReporter -->
<testsuite hostname="A5364L" failures="0" tests="2" name="lightstorm.polarin.testCases.BillingTestCase" time="20.964" errors="0" timestamp="2023-07-11T14:44:33 IST" skipped="0">
  <testcase classname="lightstorm.polarin.testCases.BillingTestCase" name="verify_the_creation_of_new_Billing_profile" time="15.515"/>
  <system-out/>
  <testcase classname="lightstorm.polarin.testCases.BillingTestCase" name="verify_the_creation_of_new_Billing_ContactDetails" time="5.449"/>
  <system-out/>
</testsuite> <!-- lightstorm.polarin.testCases.BillingTestCase -->
