<?xml version="1.0" encoding="UTF-8"?>
<!-- Generated by org.testng.reporters.JUnitReportReporter -->
<testsuite hostname="A5364L" failures="0" tests="2" name="lightstorm.polarin.testCases.LoginPageTest" time="5.637" errors="0" timestamp="2023-05-18T19:11:25 IST" skipped="0">
  <testcase classname="lightstorm.polarin.testCases.LoginPageTest" name="enter_Invalid_Login_Details" time="3.901"/>
  <system-out/>
  <testcase classname="lightstorm.polarin.testCases.LoginPageTest" name="enter_valid_Login_details" time="1.736"/>
  <system-out/>
</testsuite> <!-- lightstorm.polarin.testCases.LoginPageTest -->
