<?xml version="1.0" encoding="UTF-8"?>
<!-- Generated by org.testng.reporters.JUnitReportReporter -->
<testsuite hostname="A5364L" failures="0" tests="5" name="lightstorm.polarin.testCases.CreateVirtualConnectionTestCase" time="0.013" errors="0" timestamp="2023-06-19T15:47:07 IST" skipped="1">
  <testcase classname="lightstorm.polarin.testCases.CreateVirtualConnectionTestCase" name="method2" time="0.008"/>
  <system-out/>
  <testcase classname="lightstorm.polarin.testCases.CreateVirtualConnectionTestCase" name="method5" time="0.002"/>
  <system-out/>
  <testcase classname="lightstorm.polarin.testCases.CreateVirtualConnectionTestCase" name="method4" time="0.001"/>
  <system-out/>
  <testcase classname="lightstorm.polarin.testCases.CreateVirtualConnectionTestCase" name="method6" time="0.002"/>
  <system-out/>
  <testcase classname="lightstorm.polarin.testCases.CreateVirtualConnectionTestCase" name="method">
    <skipped/>
  </testcase> <!-- method -->
  <system-out/>
</testsuite> <!-- lightstorm.polarin.testCases.CreateVirtualConnectionTestCase -->
