<?xml version="1.0" encoding="UTF-8"?>
<!-- Generated by org.testng.reporters.JUnitReportReporter -->
<testsuite hostname="A5364L" failures="0" tests="7" name="lightstorm.polarin.testCases.CreateVirtualConnection_PortToPort_TestCase" time="26.399" errors="0" timestamp="2023-06-26T20:14:44 IST" skipped="0">
  <testcase classname="lightstorm.polarin.testCases.CreateVirtualConnection_PortToPort_TestCase" name="verify_that_Create_a_Virtual_Connection_option_should_be_displayed_inside_Create_popup_in_the_Services_page" time="3.596"/>
  <system-out/>
  <testcase classname="lightstorm.polarin.testCases.CreateVirtualConnection_PortToPort_TestCase" name="verify_that_user_navigates_to_Create_Virtual_Connection_page_when_user_clicks_on_Create_a_Virtual_Connection_option" time="1.924"/>
  <system-out/>
  <testcase classname="lightstorm.polarin.testCases.CreateVirtualConnection_PortToPort_TestCase" name="verify_that_user_should_be_able_to_select_Port_if_there_are_any_existing_ones_at_A_End_and_ClickOn_Next_button" time="0.737"/>
  <system-out/>
  <testcase classname="lightstorm.polarin.testCases.CreateVirtualConnection_PortToPort_TestCase" name="verify_that_user_should_be_able_to_select_Port_if_there_are_any_existing_Ports_Available_at_B_End_and_Click_On_Next_Button" time="0.560"/>
  <system-out/>
  <testcase classname="lightstorm.polarin.testCases.CreateVirtualConnection_PortToPort_TestCase" name="verify_the_details_that_user_should_provide_under_Virtual_Connection_Details_Page_and_able_to_Enter_Name_RateLimits_Terms_Payments_and_able_to_see_All_prise_Estimate" time="16.133"/>
  <system-out/>
  <testcase classname="lightstorm.polarin.testCases.CreateVirtualConnection_PortToPort_TestCase" name="verify_that_Existing_Subscriptions_And_New_Subscriptions_details_along_with_Total_cost_should_be_displayed_in_the_BillingProfile_page" time="1.411"/>
  <system-out/>
  <testcase classname="lightstorm.polarin.testCases.CreateVirtualConnection_PortToPort_TestCase" name="verify_that_user_should_be_able_to_select_Billing_Profile_on_the_billing_profile_Page_and_able_to_agree_Service_Aggrement_and_do_the_create_order" time="2.038"/>
  <system-out/>
</testsuite> <!-- lightstorm.polarin.testCases.CreateVirtualConnection_PortToPort_TestCase -->
