<?xml version="1.0" encoding="UTF-8"?>
<!-- Generated by org.testng.reporters.JUnitReportReporter -->
<testsuite hostname="A5364L" failures="0" tests="3" name="lightstorm.polarin.testCases.PolarinDashBoardTest" time="2.519" errors="0" timestamp="2023-06-26T20:14:44 IST" skipped="2">
  <testcase classname="lightstorm.polarin.testCases.PolarinDashBoardTest" name="verifyHomePageTitle" time="2.519"/>
  <system-out/>
  <testcase classname="lightstorm.polarin.testCases.PolarinDashBoardTest" name="verifyUserProfileLink">
    <skipped/>
  </testcase> <!-- verifyUserProfileLink -->
  <system-out/>
  <testcase classname="lightstorm.polarin.testCases.PolarinDashBoardTest" name="verifyOrganizationprofileLink">
    <skipped/>
  </testcase> <!-- verifyOrganizationprofileLink -->
  <system-out/>
</testsuite> <!-- lightstorm.polarin.testCases.PolarinDashBoardTest -->
