<?xml version="1.0" encoding="UTF-8"?>
<!-- Generated by org.testng.reporters.JUnitReportReporter -->
<testsuite hostname="A5364L" failures="0" tests="5" name="lightstorm.polarin.testCases.CreateVirtualConnectionPortToVirtualRouterTestCase" time="16.852" errors="0" timestamp="2023-07-03T21:29:49 IST" skipped="0">
  <testcase classname="lightstorm.polarin.testCases.CreateVirtualConnectionPortToVirtualRouterTestCase" name="verify_that_Create_a_Virtual_Connection_option_should_be_displayed_inside_Create_popup_in_the_Services_page" time="4.645"/>
  <system-out/>
  <testcase classname="lightstorm.polarin.testCases.CreateVirtualConnectionPortToVirtualRouterTestCase" name="verify_that_user_should_be_able_to_select_Port_if_there_are_any_existing_ones_at_A_End_and_ClickOn_Next_button" time="0.910"/>
  <system-out/>
  <testcase classname="lightstorm.polarin.testCases.CreateVirtualConnectionPortToVirtualRouterTestCase" name="verify_that_user_should_be_able_to_select_Virtual_Router_if_there_are_any_existing_VR_at_B_End_and_Click_On_Next_Button" time="0.683"/>
  <system-out/>
  <testcase classname="lightstorm.polarin.testCases.CreateVirtualConnectionPortToVirtualRouterTestCase" name="verify_the_details_that_user_should_provide_under_Virtual_Connection_Details_Page_and_able_to_Enter_Name_RateLimits_Terms_Payment_BGP_Peering_Details" time="6.240"/>
  <system-out/>
  <testcase classname="lightstorm.polarin.testCases.CreateVirtualConnectionPortToVirtualRouterTestCase" name="verify_that_Existing_Subscriptions_And_New_Subscriptions_details_along_with_Total_cost_should_be_displayed_in_the_BillingProfilep_page" time="4.374"/>
  <system-out/>
</testsuite> <!-- lightstorm.polarin.testCases.CreateVirtualConnectionPortToVirtualRouterTestCase -->
