<?xml version="1.0" encoding="UTF-8"?>
<!-- Generated by org.testng.reporters.JUnitReportReporter -->
<testsuite hostname="DESKTOP-320GMBB" failures="0" tests="3" name="lightstorm.polarin.testCases.PolarinLoginTest" time="5.460" errors="0" timestamp="2023-07-19T13:19:11 IST" skipped="0">
  <testcase classname="lightstorm.polarin.testCases.PolarinLoginTest" name="verify_Blank_login_Details" time="0.871"/>
  <system-out/>
  <testcase classname="lightstorm.polarin.testCases.PolarinLoginTest" name="verify_Invalid_Login_Details" time="3.701"/>
  <system-out/>
  <testcase classname="lightstorm.polarin.testCases.PolarinLoginTest" name="verify_valid_Login_details" time="0.888"/>
  <system-out/>
</testsuite> <!-- lightstorm.polarin.testCases.PolarinLoginTest -->
